<?xml version="1.0" encoding="UTF-8"?>
<testng-results skipped="2" failed="2" ignored="0" total="4" passed="0">
  <reporter-output>
  </reporter-output>
  <suite name="VisorTestSuite" duration-ms="8224" started-at="2018-11-08T01:50:32Z" finished-at="2018-11-08T01:50:40Z">
    <groups>
    </groups>
    <test name="MantenimientoCategoriaChrome" duration-ms="8224" started-at="2018-11-08T01:50:32Z" finished-at="2018-11-08T01:50:40Z">
      <class name="pe.com.test.system.testCase.MantenimientoCategoria">
        <test-method status="PASS" signature="antesDelTest(java.lang.String, int, int, java.lang.String)[pri:0, instance:pe.com.test.system.testCase.MantenimientoCategoria@6093dd95]" name="antesDelTest" is-config="true" duration-ms="3646" started-at="2018-11-08T01:50:32Z" finished-at="2018-11-08T01:50:35Z">
          <params>
            <param index="0">
              <value>
                <![CDATA[chrome]]>
              </value>
            </param>
            <param index="1">
              <value>
                <![CDATA[0]]>
              </value>
            </param>
            <param index="2">
              <value>
                <![CDATA[6]]>
              </value>
            </param>
            <param index="3">
              <value>
                <![CDATA[Chrome]]>
              </value>
            </param>
          </params>
          <reporter-output>
          </reporter-output>
        </test-method> <!-- antesDelTest -->
        <test-method status="FAIL" signature="insertarCategoria(java.lang.String, java.lang.String, java.lang.String, java.lang.String, java.lang.String, java.lang.String, java.lang.String, java.lang.String, java.lang.String, java.lang.String, java.lang.String, java.lang.String, java.lang.String)[pri:0, instance:pe.com.test.system.testCase.MantenimientoCategoria@6093dd95]" name="insertarCategoria" duration-ms="2175" started-at="2018-11-08T01:50:36Z" data-provider="DatosDeEntradaInsertar" finished-at="2018-11-08T01:50:38Z">
          <params>
            <param index="0">
              <value>
                <![CDATA[Registrar Playlist - Flujo Básico]]>
              </value>
            </param>
            <param index="1">
              <value>
                <![CDATA[http://localhost:8080/VisorWeb]]>
              </value>
            </param>
            <param index="2">
              <value>
                <![CDATA[admin]]>
              </value>
            </param>
            <param index="3">
              <value>
                <![CDATA[clave]]>
              </value>
            </param>
            <param index="4">
              <value>
                <![CDATA[MiPlaylist]]>
              </value>
            </param>
            <param index="5">
              <value>
                <![CDATA[Se guardó de manera correcta la Playlist]]>
              </value>
            </param>
            <param index="6">
              <value>
                <![CDATA[http://localhost/testlink/lib/api/xmlrpc/v1/xmlrpc.php]]>
              </value>
            </param>
            <param index="7">
              <value>
                <![CDATA[ecf95474d299229634a5abb430c7ad46]]>
              </value>
            </param>
            <param index="8">
              <value>
                <![CDATA[143]]>
              </value>
            </param>
            <param index="9">
              <value>
                <![CDATA[12]]>
              </value>
            </param>
            <param index="10">
              <value>
                <![CDATA[102]]>
              </value>
            </param>
            <param index="11">
              <value>
                <![CDATA[2]]>
              </value>
            </param>
            <param index="12">
              <value>
                <![CDATA[Sprint 01 ]]>
              </value>
            </param>
          </params>
          <exception class="java.lang.AssertionError">
            <message>
              <![CDATA[ERROR: unknown error: Element <button id="btnIniciarSesion" name="btnIniciarSesion" class="ui-button ui-widget ui-state-default ui-corner-all ui-button-text-only btn-add" onclick="PrimeFaces.ab({s:&quot;btnIniciarSesion&quot;});return false;" type="submit" role="button" aria-disabled="false">...</button> is not clickable at point (666, 514). Other element would receive the click: <div class="col-sm-12">...</div>
  (Session info: chrome=70.0.3538.77)
  (Driver info: chromedriver=2.42.591088 (7b2b2dca23cca0862f674758c9a3933e685c27d5),platform=Windows NT 6.1.7601 SP1 x86_64) (WARNING: The server did not provide any stacktrace information)
Command duration or timeout: 0 milliseconds
Build info: version: '3.14.0', revision: 'aacccce0', time: '2018-08-02T20:19:58.91Z'
System info: host: 'PCX02', ip: '192.168.111.132', os.name: 'Windows 7', os.arch: 'amd64', os.version: '6.1', java.version: '1.8.0_181'
Driver info: org.openqa.selenium.chrome.ChromeDriver
Capabilities {acceptInsecureCerts: false, acceptSslCerts: false, applicationCacheEnabled: false, browserConnectionEnabled: false, browserName: chrome, chrome: {chromedriverVersion: 2.42.591088 (7b2b2dca23cca0..., userDataDir: C:\Users\ADMINI~1\AppData\L...}, cssSelectorsEnabled: true, databaseEnabled: false, goog:chromeOptions: {debuggerAddress: localhost:49707}, handlesAlerts: true, hasTouchScreen: false, javascriptEnabled: true, locationContextEnabled: true, mobileEmulationEnabled: false, nativeEvents: true, networkConnectionEnabled: false, pageLoadStrategy: normal, platform: XP, platformName: XP, rotatable: false, setWindowRect: true, takesHeapSnapshot: true, takesScreenshot: true, unexpectedAlertBehaviour: , unhandledPromptBehavior: , version: 70.0.3538.77, webStorageEnabled: true}
Session ID: b15ccbfb73eb58cb9be89a60312869b4]]>
            </message>
            <full-stacktrace>
              <![CDATA[java.lang.AssertionError: ERROR: unknown error: Element <button id="btnIniciarSesion" name="btnIniciarSesion" class="ui-button ui-widget ui-state-default ui-corner-all ui-button-text-only btn-add" onclick="PrimeFaces.ab({s:&quot;btnIniciarSesion&quot;});return false;" type="submit" role="button" aria-disabled="false">...</button> is not clickable at point (666, 514). Other element would receive the click: <div class="col-sm-12">...</div>
  (Session info: chrome=70.0.3538.77)
  (Driver info: chromedriver=2.42.591088 (7b2b2dca23cca0862f674758c9a3933e685c27d5),platform=Windows NT 6.1.7601 SP1 x86_64) (WARNING: The server did not provide any stacktrace information)
Command duration or timeout: 0 milliseconds
Build info: version: '3.14.0', revision: 'aacccce0', time: '2018-08-02T20:19:58.91Z'
System info: host: 'PCX02', ip: '192.168.111.132', os.name: 'Windows 7', os.arch: 'amd64', os.version: '6.1', java.version: '1.8.0_181'
Driver info: org.openqa.selenium.chrome.ChromeDriver
Capabilities {acceptInsecureCerts: false, acceptSslCerts: false, applicationCacheEnabled: false, browserConnectionEnabled: false, browserName: chrome, chrome: {chromedriverVersion: 2.42.591088 (7b2b2dca23cca0..., userDataDir: C:\Users\ADMINI~1\AppData\L...}, cssSelectorsEnabled: true, databaseEnabled: false, goog:chromeOptions: {debuggerAddress: localhost:49707}, handlesAlerts: true, hasTouchScreen: false, javascriptEnabled: true, locationContextEnabled: true, mobileEmulationEnabled: false, nativeEvents: true, networkConnectionEnabled: false, pageLoadStrategy: normal, platform: XP, platformName: XP, rotatable: false, setWindowRect: true, takesHeapSnapshot: true, takesScreenshot: true, unexpectedAlertBehaviour: , unhandledPromptBehavior: , version: 70.0.3538.77, webStorageEnabled: true}
Session ID: b15ccbfb73eb58cb9be89a60312869b4
at org.testng.Assert.fail(Assert.java:96)
at pe.com.test.system.testCase.MantenimientoCategoria.insertarCategoria(MantenimientoCategoria.java:91)
at sun.reflect.NativeMethodAccessorImpl.invoke0(Native Method)
at sun.reflect.NativeMethodAccessorImpl.invoke(Unknown Source)
at sun.reflect.DelegatingMethodAccessorImpl.invoke(Unknown Source)
at java.lang.reflect.Method.invoke(Unknown Source)
at org.testng.internal.MethodInvocationHelper.invokeMethod(MethodInvocationHelper.java:124)
at org.testng.internal.Invoker.invokeMethod(Invoker.java:583)
at org.testng.internal.Invoker.invokeTestMethod(Invoker.java:719)
at org.testng.internal.Invoker.invokeTestMethods(Invoker.java:989)
at org.testng.internal.TestMethodWorker.invokeTestMethods(TestMethodWorker.java:125)
at org.testng.internal.TestMethodWorker.run(TestMethodWorker.java:109)
at org.testng.TestRunner.privateRun(TestRunner.java:648)
at org.testng.TestRunner.run(TestRunner.java:505)
at org.testng.SuiteRunner.runTest(SuiteRunner.java:455)
at org.testng.SuiteRunner.access$000(SuiteRunner.java:40)
at org.testng.SuiteRunner$SuiteWorker.run(SuiteRunner.java:489)
at org.testng.internal.thread.ThreadUtil$1.call(ThreadUtil.java:52)
at java.util.concurrent.FutureTask.run(Unknown Source)
at java.util.concurrent.ThreadPoolExecutor.runWorker(Unknown Source)
at java.util.concurrent.ThreadPoolExecutor$Worker.run(Unknown Source)
at java.lang.Thread.run(Unknown Source)
]]>
            </full-stacktrace>
          </exception> <!-- java.lang.AssertionError -->
          <reporter-output>
          </reporter-output>
        </test-method> <!-- insertarCategoria -->
        <test-method status="FAIL" signature="insertarCategoria(java.lang.String, java.lang.String, java.lang.String, java.lang.String, java.lang.String, java.lang.String, java.lang.String, java.lang.String, java.lang.String, java.lang.String, java.lang.String, java.lang.String, java.lang.String)[pri:0, instance:pe.com.test.system.testCase.MantenimientoCategoria@6093dd95]" name="insertarCategoria" duration-ms="849" started-at="2018-11-08T01:50:38Z" data-provider="DatosDeEntradaInsertar" finished-at="2018-11-08T01:50:39Z">
          <params>
            <param index="0">
              <value>
                <![CDATA[Registrar Playlist - Flujo Alternativo]]>
              </value>
            </param>
            <param index="1">
              <value>
                <![CDATA[http://localhost:8080/VisorWeb ]]>
              </value>
            </param>
            <param index="2">
              <value>
                <![CDATA[admin]]>
              </value>
            </param>
            <param index="3">
              <value>
                <![CDATA[clave]]>
              </value>
            </param>
            <param index="4">
              <value>
                <![CDATA[]]>
              </value>
            </param>
            <param index="5">
              <value>
                <![CDATA[Nombre: Validation Error: Value is required.]]>
              </value>
            </param>
            <param index="6">
              <value>
                <![CDATA[http://localhost/testlink/lib/api/xmlrpc/v1/xmlrpc.php]]>
              </value>
            </param>
            <param index="7">
              <value>
                <![CDATA[ecf95474d299229634a5abb430c7ad46]]>
              </value>
            </param>
            <param index="8">
              <value>
                <![CDATA[124]]>
              </value>
            </param>
            <param index="9">
              <value>
                <![CDATA[9]]>
              </value>
            </param>
            <param index="10">
              <value>
                <![CDATA[102]]>
              </value>
            </param>
            <param index="11">
              <value>
                <![CDATA[2]]>
              </value>
            </param>
            <param index="12">
              <value>
                <![CDATA[Sprint 01 ]]>
              </value>
            </param>
          </params>
          <exception class="java.lang.AssertionError">
            <message>
              <![CDATA[ERROR: unknown error: Element <button id="btnIniciarSesion" name="btnIniciarSesion" class="ui-button ui-widget ui-state-default ui-corner-all ui-button-text-only btn-add" onclick="PrimeFaces.ab({s:&quot;btnIniciarSesion&quot;});return false;" type="submit" role="button" aria-disabled="false">...</button> is not clickable at point (666, 514). Other element would receive the click: <div class="col-sm-12">...</div>
  (Session info: chrome=70.0.3538.77)
  (Driver info: chromedriver=2.42.591088 (7b2b2dca23cca0862f674758c9a3933e685c27d5),platform=Windows NT 6.1.7601 SP1 x86_64) (WARNING: The server did not provide any stacktrace information)
Command duration or timeout: 0 milliseconds
Build info: version: '3.14.0', revision: 'aacccce0', time: '2018-08-02T20:19:58.91Z'
System info: host: 'PCX02', ip: '192.168.111.132', os.name: 'Windows 7', os.arch: 'amd64', os.version: '6.1', java.version: '1.8.0_181'
Driver info: org.openqa.selenium.chrome.ChromeDriver
Capabilities {acceptInsecureCerts: false, acceptSslCerts: false, applicationCacheEnabled: false, browserConnectionEnabled: false, browserName: chrome, chrome: {chromedriverVersion: 2.42.591088 (7b2b2dca23cca0..., userDataDir: C:\Users\ADMINI~1\AppData\L...}, cssSelectorsEnabled: true, databaseEnabled: false, goog:chromeOptions: {debuggerAddress: localhost:49707}, handlesAlerts: true, hasTouchScreen: false, javascriptEnabled: true, locationContextEnabled: true, mobileEmulationEnabled: false, nativeEvents: true, networkConnectionEnabled: false, pageLoadStrategy: normal, platform: XP, platformName: XP, rotatable: false, setWindowRect: true, takesHeapSnapshot: true, takesScreenshot: true, unexpectedAlertBehaviour: , unhandledPromptBehavior: , version: 70.0.3538.77, webStorageEnabled: true}
Session ID: b15ccbfb73eb58cb9be89a60312869b4]]>
            </message>
            <full-stacktrace>
              <![CDATA[java.lang.AssertionError: ERROR: unknown error: Element <button id="btnIniciarSesion" name="btnIniciarSesion" class="ui-button ui-widget ui-state-default ui-corner-all ui-button-text-only btn-add" onclick="PrimeFaces.ab({s:&quot;btnIniciarSesion&quot;});return false;" type="submit" role="button" aria-disabled="false">...</button> is not clickable at point (666, 514). Other element would receive the click: <div class="col-sm-12">...</div>
  (Session info: chrome=70.0.3538.77)
  (Driver info: chromedriver=2.42.591088 (7b2b2dca23cca0862f674758c9a3933e685c27d5),platform=Windows NT 6.1.7601 SP1 x86_64) (WARNING: The server did not provide any stacktrace information)
Command duration or timeout: 0 milliseconds
Build info: version: '3.14.0', revision: 'aacccce0', time: '2018-08-02T20:19:58.91Z'
System info: host: 'PCX02', ip: '192.168.111.132', os.name: 'Windows 7', os.arch: 'amd64', os.version: '6.1', java.version: '1.8.0_181'
Driver info: org.openqa.selenium.chrome.ChromeDriver
Capabilities {acceptInsecureCerts: false, acceptSslCerts: false, applicationCacheEnabled: false, browserConnectionEnabled: false, browserName: chrome, chrome: {chromedriverVersion: 2.42.591088 (7b2b2dca23cca0..., userDataDir: C:\Users\ADMINI~1\AppData\L...}, cssSelectorsEnabled: true, databaseEnabled: false, goog:chromeOptions: {debuggerAddress: localhost:49707}, handlesAlerts: true, hasTouchScreen: false, javascriptEnabled: true, locationContextEnabled: true, mobileEmulationEnabled: false, nativeEvents: true, networkConnectionEnabled: false, pageLoadStrategy: normal, platform: XP, platformName: XP, rotatable: false, setWindowRect: true, takesHeapSnapshot: true, takesScreenshot: true, unexpectedAlertBehaviour: , unhandledPromptBehavior: , version: 70.0.3538.77, webStorageEnabled: true}
Session ID: b15ccbfb73eb58cb9be89a60312869b4
at org.testng.Assert.fail(Assert.java:96)
at pe.com.test.system.testCase.MantenimientoCategoria.insertarCategoria(MantenimientoCategoria.java:91)
at sun.reflect.NativeMethodAccessorImpl.invoke0(Native Method)
at sun.reflect.NativeMethodAccessorImpl.invoke(Unknown Source)
at sun.reflect.DelegatingMethodAccessorImpl.invoke(Unknown Source)
at java.lang.reflect.Method.invoke(Unknown Source)
at org.testng.internal.MethodInvocationHelper.invokeMethod(MethodInvocationHelper.java:124)
at org.testng.internal.Invoker.invokeMethod(Invoker.java:583)
at org.testng.internal.Invoker.invokeTestMethod(Invoker.java:719)
at org.testng.internal.Invoker.invokeTestMethods(Invoker.java:989)
at org.testng.internal.TestMethodWorker.invokeTestMethods(TestMethodWorker.java:125)
at org.testng.internal.TestMethodWorker.run(TestMethodWorker.java:109)
at org.testng.TestRunner.privateRun(TestRunner.java:648)
at org.testng.TestRunner.run(TestRunner.java:505)
at org.testng.SuiteRunner.runTest(SuiteRunner.java:455)
at org.testng.SuiteRunner.access$000(SuiteRunner.java:40)
at org.testng.SuiteRunner$SuiteWorker.run(SuiteRunner.java:489)
at org.testng.internal.thread.ThreadUtil$1.call(ThreadUtil.java:52)
at java.util.concurrent.FutureTask.run(Unknown Source)
at java.util.concurrent.ThreadPoolExecutor.runWorker(Unknown Source)
at java.util.concurrent.ThreadPoolExecutor$Worker.run(Unknown Source)
at java.lang.Thread.run(Unknown Source)
]]>
            </full-stacktrace>
          </exception> <!-- java.lang.AssertionError -->
          <reporter-output>
          </reporter-output>
        </test-method> <!-- insertarCategoria -->
        <test-method status="SKIP" signature="actualizarCategoria(java.lang.String, java.lang.String, java.lang.String, java.lang.String, java.lang.String, java.lang.String, java.lang.String, java.lang.String, java.lang.String, java.lang.String, java.lang.String, java.lang.String, java.lang.String)[pri:0, instance:pe.com.test.system.testCase.MantenimientoCategoria@6093dd95]" name="actualizarCategoria" duration-ms="0" started-at="2018-11-08T01:50:39Z" data-provider="DatosDeEntradaActualizar" depends-on-methods="pe.com.test.system.testCase.MantenimientoCategoria.insertarCategoria" finished-at="2018-11-08T01:50:39Z">
          <exception class="java.lang.Throwable">
            <message>
              <![CDATA[Method MantenimientoCategoria.actualizarCategoria(java.lang.String, java.lang.String, java.lang.String, java.lang.String, java.lang.String, java.lang.String, java.lang.String, java.lang.String, java.lang.String, java.lang.String, java.lang.String, java.lang.String, java.lang.String)[pri:0, instance:pe.com.test.system.testCase.MantenimientoCategoria@6093dd95] depends on not successfully finished methods]]>
            </message>
            <full-stacktrace>
              <![CDATA[java.lang.Throwable: Method MantenimientoCategoria.actualizarCategoria(java.lang.String, java.lang.String, java.lang.String, java.lang.String, java.lang.String, java.lang.String, java.lang.String, java.lang.String, java.lang.String, java.lang.String, java.lang.String, java.lang.String, java.lang.String)[pri:0, instance:pe.com.test.system.testCase.MantenimientoCategoria@6093dd95] depends on not successfully finished methods
at org.testng.internal.Invoker.invokeTestMethods(Invoker.java:888)
at org.testng.internal.TestMethodWorker.invokeTestMethods(TestMethodWorker.java:125)
at org.testng.internal.TestMethodWorker.run(TestMethodWorker.java:109)
at org.testng.TestRunner.privateRun(TestRunner.java:648)
at org.testng.TestRunner.run(TestRunner.java:505)
at org.testng.SuiteRunner.runTest(SuiteRunner.java:455)
at org.testng.SuiteRunner.access$000(SuiteRunner.java:40)
at org.testng.SuiteRunner$SuiteWorker.run(SuiteRunner.java:489)
at org.testng.internal.thread.ThreadUtil$1.call(ThreadUtil.java:52)
at java.util.concurrent.FutureTask.run(Unknown Source)
at java.util.concurrent.ThreadPoolExecutor.runWorker(Unknown Source)
at java.util.concurrent.ThreadPoolExecutor$Worker.run(Unknown Source)
at java.lang.Thread.run(Unknown Source)
]]>
            </full-stacktrace>
          </exception> <!-- java.lang.Throwable -->
          <reporter-output>
          </reporter-output>
        </test-method> <!-- actualizarCategoria -->
        <test-method status="SKIP" signature="eliminarCategoria(java.lang.String, java.lang.String, java.lang.String, java.lang.String, java.lang.String, java.lang.String, java.lang.String, java.lang.String, java.lang.String, java.lang.String, java.lang.String, java.lang.String)[pri:0, instance:pe.com.test.system.testCase.MantenimientoCategoria@6093dd95]" name="eliminarCategoria" duration-ms="0" started-at="2018-11-08T01:50:39Z" data-provider="DatosDeEntradaEliminar" depends-on-methods="pe.com.test.system.testCase.MantenimientoCategoria.actualizarCategoria" finished-at="2018-11-08T01:50:39Z">
          <exception class="java.lang.Throwable">
            <message>
              <![CDATA[Method MantenimientoCategoria.eliminarCategoria(java.lang.String, java.lang.String, java.lang.String, java.lang.String, java.lang.String, java.lang.String, java.lang.String, java.lang.String, java.lang.String, java.lang.String, java.lang.String, java.lang.String)[pri:0, instance:pe.com.test.system.testCase.MantenimientoCategoria@6093dd95] depends on not successfully finished methods]]>
            </message>
            <full-stacktrace>
              <![CDATA[java.lang.Throwable: Method MantenimientoCategoria.eliminarCategoria(java.lang.String, java.lang.String, java.lang.String, java.lang.String, java.lang.String, java.lang.String, java.lang.String, java.lang.String, java.lang.String, java.lang.String, java.lang.String, java.lang.String)[pri:0, instance:pe.com.test.system.testCase.MantenimientoCategoria@6093dd95] depends on not successfully finished methods
at org.testng.internal.Invoker.invokeTestMethods(Invoker.java:888)
at org.testng.internal.TestMethodWorker.invokeTestMethods(TestMethodWorker.java:125)
at org.testng.internal.TestMethodWorker.run(TestMethodWorker.java:109)
at org.testng.TestRunner.privateRun(TestRunner.java:648)
at org.testng.TestRunner.run(TestRunner.java:505)
at org.testng.SuiteRunner.runTest(SuiteRunner.java:455)
at org.testng.SuiteRunner.access$000(SuiteRunner.java:40)
at org.testng.SuiteRunner$SuiteWorker.run(SuiteRunner.java:489)
at org.testng.internal.thread.ThreadUtil$1.call(ThreadUtil.java:52)
at java.util.concurrent.FutureTask.run(Unknown Source)
at java.util.concurrent.ThreadPoolExecutor.runWorker(Unknown Source)
at java.util.concurrent.ThreadPoolExecutor$Worker.run(Unknown Source)
at java.lang.Thread.run(Unknown Source)
]]>
            </full-stacktrace>
          </exception> <!-- java.lang.Throwable -->
          <reporter-output>
          </reporter-output>
        </test-method> <!-- eliminarCategoria -->
        <test-method status="PASS" signature="despuesDelTest()[pri:0, instance:pe.com.test.system.testCase.MantenimientoCategoria@6093dd95]" name="despuesDelTest" is-config="true" duration-ms="816" started-at="2018-11-08T01:50:39Z" finished-at="2018-11-08T01:50:40Z">
          <reporter-output>
          </reporter-output>
        </test-method> <!-- despuesDelTest -->
      </class> <!-- pe.com.test.system.testCase.MantenimientoCategoria -->
    </test> <!-- MantenimientoCategoriaChrome -->
  </suite> <!-- VisorTestSuite -->
</testng-results>
